<?xml version="1.0" encoding="UTF-8"?>
<!-- Generated by org.testng.reporters.JUnitReportReporter -->
<testsuite hostname="LAP-KARTHIGA" failures="0" tests="1" name="CucumberOptions.TestNGTestRunner" time="27.576" errors="0" timestamp="2023-01-27T09:56:04 CST" skipped="0">
  <testcase classname="CucumberOptions.TestNGTestRunner" name="runScenario" time="27.576"/>
  <system-out/>
</testsuite> <!-- CucumberOptions.TestNGTestRunner -->
