<?xml version="1.0" encoding="UTF-8"?>
<!-- Generated by org.testng.reporters.JUnitReportReporter -->
<testsuite hostname="LAP-KARTHIGA" failures="0" tests="5" name="org.javapratices.RestProject.Test01_GET" time="5.162" errors="0" timestamp="2022-10-14T17:52:48 CDT" skipped="0">
  <testcase classname="org.javapratices.RestProject.Test01_GET" name="test_02_Get" time="1.409"/>
  <system-out/>
  <testcase classname="org.javapratices.RestProject.Test01_GET" name="test_03_delete" time="0.461"/>
  <system-out/>
  <testcase classname="org.javapratices.RestProject.Test01_GET" name="test_03_post" time="0.498"/>
  <system-out/>
  <testcase classname="org.javapratices.RestProject.Test01_GET" name="test_01" time="2.336"/>
  <system-out/>
  <testcase classname="org.javapratices.RestProject.Test01_GET" name="test_03_put" time="0.458"/>
  <system-out/>
</testsuite> <!-- org.javapratices.RestProject.Test01_GET -->
